<?xml version="1.0" encoding="UTF-8"?>
<!-- Generated by org.testng.reporters.JUnitReportReporter -->
<testsuite skipped="0" hostname="Toshiba" name="MavenEthansTestNG.MavenEthansTestNG.NewTest" tests="1" failures="0" timestamp="2020-02-18T21:18:33 IST" time="0.093" errors="0">
  <testcase name="hello" time="0.093" classname="MavenEthansTestNG.MavenEthansTestNG.NewTest"/>
  <system-out/>
</testsuite> <!-- MavenEthansTestNG.MavenEthansTestNG.NewTest -->
